[0.689s] Invoking command in '/home/pi/Documents/arduino_ws/src/arduinobot_py_examples': PYTHONPATH=/home/pi/Documents/arduino_ws/build/arduinobot_py_examples/prefix_override:/home/pi/.local/lib/python3.10/site-packages/colcon_core/task/python/colcon_distutils_commands:/home/pi/Documents/arduino_ws/install/arduinobot_py_examples/lib/python3.10/site-packages:${PYTHONPATH} /usr/bin/python3 -W ignore:setup.py install is deprecated setup.py egg_info --egg-base ../../build/arduinobot_py_examples build --build-base /home/pi/Documents/arduino_ws/build/arduinobot_py_examples/build install --record /home/pi/Documents/arduino_ws/build/arduinobot_py_examples/install.log --single-version-externally-managed install_data
[0.975s] running egg_info
[0.975s] creating ../../build/arduinobot_py_examples/arduinobot_py_examples.egg-info
[0.985s] writing ../../build/arduinobot_py_examples/arduinobot_py_examples.egg-info/PKG-INFO
[0.985s] writing dependency_links to ../../build/arduinobot_py_examples/arduinobot_py_examples.egg-info/dependency_links.txt
[0.985s] writing requirements to ../../build/arduinobot_py_examples/arduinobot_py_examples.egg-info/requires.txt
[0.985s] writing top-level names to ../../build/arduinobot_py_examples/arduinobot_py_examples.egg-info/top_level.txt
[0.987s] writing manifest file '../../build/arduinobot_py_examples/arduinobot_py_examples.egg-info/SOURCES.txt'
[1.006s] reading manifest file '../../build/arduinobot_py_examples/arduinobot_py_examples.egg-info/SOURCES.txt'
[1.006s] writing manifest file '../../build/arduinobot_py_examples/arduinobot_py_examples.egg-info/SOURCES.txt'
[1.006s] running build
[1.006s] running build_py
[1.007s] creating /home/pi/Documents/arduino_ws/build/arduinobot_py_examples/build
[1.007s] creating /home/pi/Documents/arduino_ws/build/arduinobot_py_examples/build/lib
[1.007s] creating /home/pi/Documents/arduino_ws/build/arduinobot_py_examples/build/lib/arduinobot_py_examples
[1.007s] copying arduinobot_py_examples/__init__.py -> /home/pi/Documents/arduino_ws/build/arduinobot_py_examples/build/lib/arduinobot_py_examples
[1.007s] running install
[1.009s] running install_lib
[1.018s] creating /home/pi/Documents/arduino_ws/install/arduinobot_py_examples/lib/python3.10/site-packages/arduinobot_py_examples
[1.018s] copying /home/pi/Documents/arduino_ws/build/arduinobot_py_examples/build/lib/arduinobot_py_examples/__init__.py -> /home/pi/Documents/arduino_ws/install/arduinobot_py_examples/lib/python3.10/site-packages/arduinobot_py_examples
[1.018s] byte-compiling /home/pi/Documents/arduino_ws/install/arduinobot_py_examples/lib/python3.10/site-packages/arduinobot_py_examples/__init__.py to __init__.cpython-310.pyc
[1.018s] running install_data
[1.018s] creating /home/pi/Documents/arduino_ws/install/arduinobot_py_examples/share/ament_index
[1.018s] creating /home/pi/Documents/arduino_ws/install/arduinobot_py_examples/share/ament_index/resource_index
[1.018s] creating /home/pi/Documents/arduino_ws/install/arduinobot_py_examples/share/ament_index/resource_index/packages
[1.018s] copying resource/arduinobot_py_examples -> /home/pi/Documents/arduino_ws/install/arduinobot_py_examples/share/ament_index/resource_index/packages
[1.018s] copying package.xml -> /home/pi/Documents/arduino_ws/install/arduinobot_py_examples/share/arduinobot_py_examples
[1.018s] running install_egg_info
[1.029s] Copying ../../build/arduinobot_py_examples/arduinobot_py_examples.egg-info to /home/pi/Documents/arduino_ws/install/arduinobot_py_examples/lib/python3.10/site-packages/arduinobot_py_examples-0.0.0-py3.10.egg-info
[1.029s] running install_scripts
[1.065s] writing list of installed files to '/home/pi/Documents/arduino_ws/build/arduinobot_py_examples/install.log'
[1.091s] Invoked command in '/home/pi/Documents/arduino_ws/src/arduinobot_py_examples' returned '0': PYTHONPATH=/home/pi/Documents/arduino_ws/build/arduinobot_py_examples/prefix_override:/home/pi/.local/lib/python3.10/site-packages/colcon_core/task/python/colcon_distutils_commands:/home/pi/Documents/arduino_ws/install/arduinobot_py_examples/lib/python3.10/site-packages:${PYTHONPATH} /usr/bin/python3 -W ignore:setup.py install is deprecated setup.py egg_info --egg-base ../../build/arduinobot_py_examples build --build-base /home/pi/Documents/arduino_ws/build/arduinobot_py_examples/build install --record /home/pi/Documents/arduino_ws/build/arduinobot_py_examples/install.log --single-version-externally-managed install_data
