[0.006s] Invoking command in '/home/pi/Documents/arduino_ws/build/arduinobot_cpp_examples': CMAKE_PREFIX_PATH=/opt/ros/humble /usr/bin/cmake /home/pi/Documents/arduino_ws/src/arduinobot_cpp_examples -DCMAKE_INSTALL_PREFIX=/home/pi/Documents/arduino_ws/install/arduinobot_cpp_examples
[0.139s] -- The C compiler identification is GNU 11.4.0
[0.234s] -- The CXX compiler identification is GNU 11.4.0
[0.243s] -- Detecting C compiler ABI info
[0.300s] -- Detecting C compiler ABI info - done
[0.307s] -- Check for working C compiler: /usr/bin/cc - skipped
[0.307s] -- Detecting C compile features
[0.308s] -- Detecting C compile features - done
[0.311s] -- Detecting CXX compiler ABI info
[0.366s] -- Detecting CXX compiler ABI info - done
[0.372s] -- Check for working CXX compiler: /usr/bin/c++ - skipped
[0.372s] -- Detecting CXX compile features
[0.372s] -- Detecting CXX compile features - done
[0.378s] -- Found ament_cmake: 1.3.10 (/opt/ros/humble/share/ament_cmake/cmake)
[0.794s] -- Found Python3: /usr/bin/python3 (found version "3.10.12") found components: Interpreter 
[0.863s] -- Found ament_lint_auto: 0.12.11 (/opt/ros/humble/share/ament_lint_auto/cmake)
[0.954s] -- Added test 'lint_cmake' to check CMake code style
[0.955s] -- Added test 'xmllint' to check XML markup files
[0.957s] -- Configuring done
[0.958s] -- Generating done
[0.958s] -- Build files have been written to: /home/pi/Documents/arduino_ws/build/arduinobot_cpp_examples
[0.961s] Invoked command in '/home/pi/Documents/arduino_ws/build/arduinobot_cpp_examples' returned '0': CMAKE_PREFIX_PATH=/opt/ros/humble /usr/bin/cmake /home/pi/Documents/arduino_ws/src/arduinobot_cpp_examples -DCMAKE_INSTALL_PREFIX=/home/pi/Documents/arduino_ws/install/arduinobot_cpp_examples
[0.962s] Invoking command in '/home/pi/Documents/arduino_ws/build/arduinobot_cpp_examples': CMAKE_PREFIX_PATH=/opt/ros/humble /usr/bin/cmake --build /home/pi/Documents/arduino_ws/build/arduinobot_cpp_examples -- -j20 -l20
[0.987s] Invoked command in '/home/pi/Documents/arduino_ws/build/arduinobot_cpp_examples' returned '0': CMAKE_PREFIX_PATH=/opt/ros/humble /usr/bin/cmake --build /home/pi/Documents/arduino_ws/build/arduinobot_cpp_examples -- -j20 -l20
[1.009s] Invoking command in '/home/pi/Documents/arduino_ws/build/arduinobot_cpp_examples': CMAKE_PREFIX_PATH=/opt/ros/humble /usr/bin/cmake --install /home/pi/Documents/arduino_ws/build/arduinobot_cpp_examples
[1.013s] -- Install configuration: ""
[1.013s] -- Installing: /home/pi/Documents/arduino_ws/install/arduinobot_cpp_examples/share/ament_index/resource_index/package_run_dependencies/arduinobot_cpp_examples
[1.013s] -- Installing: /home/pi/Documents/arduino_ws/install/arduinobot_cpp_examples/share/ament_index/resource_index/parent_prefix_path/arduinobot_cpp_examples
[1.013s] -- Installing: /home/pi/Documents/arduino_ws/install/arduinobot_cpp_examples/share/arduinobot_cpp_examples/environment/ament_prefix_path.sh
[1.013s] -- Installing: /home/pi/Documents/arduino_ws/install/arduinobot_cpp_examples/share/arduinobot_cpp_examples/environment/ament_prefix_path.dsv
[1.013s] -- Installing: /home/pi/Documents/arduino_ws/install/arduinobot_cpp_examples/share/arduinobot_cpp_examples/environment/path.sh
[1.013s] -- Installing: /home/pi/Documents/arduino_ws/install/arduinobot_cpp_examples/share/arduinobot_cpp_examples/environment/path.dsv
[1.013s] -- Installing: /home/pi/Documents/arduino_ws/install/arduinobot_cpp_examples/share/arduinobot_cpp_examples/local_setup.bash
[1.013s] -- Installing: /home/pi/Documents/arduino_ws/install/arduinobot_cpp_examples/share/arduinobot_cpp_examples/local_setup.sh
[1.013s] -- Installing: /home/pi/Documents/arduino_ws/install/arduinobot_cpp_examples/share/arduinobot_cpp_examples/local_setup.zsh
[1.014s] -- Installing: /home/pi/Documents/arduino_ws/install/arduinobot_cpp_examples/share/arduinobot_cpp_examples/local_setup.dsv
[1.014s] -- Installing: /home/pi/Documents/arduino_ws/install/arduinobot_cpp_examples/share/arduinobot_cpp_examples/package.dsv
[1.014s] -- Installing: /home/pi/Documents/arduino_ws/install/arduinobot_cpp_examples/share/ament_index/resource_index/packages/arduinobot_cpp_examples
[1.014s] -- Installing: /home/pi/Documents/arduino_ws/install/arduinobot_cpp_examples/share/arduinobot_cpp_examples/cmake/arduinobot_cpp_examplesConfig.cmake
[1.014s] -- Installing: /home/pi/Documents/arduino_ws/install/arduinobot_cpp_examples/share/arduinobot_cpp_examples/cmake/arduinobot_cpp_examplesConfig-version.cmake
[1.014s] -- Installing: /home/pi/Documents/arduino_ws/install/arduinobot_cpp_examples/share/arduinobot_cpp_examples/package.xml
[1.015s] Invoked command in '/home/pi/Documents/arduino_ws/build/arduinobot_cpp_examples' returned '0': CMAKE_PREFIX_PATH=/opt/ros/humble /usr/bin/cmake --install /home/pi/Documents/arduino_ws/build/arduinobot_cpp_examples
